[22:07:34] [ServerMain/INFO]: [bootstrap] Running Java 21 (OpenJDK 64-Bit Server VM 21.0.3+9-LTS; Microsoft Microsoft-9388422) on Linux 6.5.0-1022-azure (amd64)
[22:07:34] [ServerMain/INFO]: [bootstrap] Loading Paper 1.21-124-master@df3b654 (2024-08-02T00:02:38Z) for Minecraft 1.21
[22:07:35] [ServerMain/INFO]: [PluginInitializerManager] Initializing plugins...
[22:07:35] [ServerMain/INFO]: [PluginInitializerManager] Initialized 3 plugins
[22:07:35] [ServerMain/INFO]: [PluginInitializerManager] Bukkit plugins (3):
 - Geyser-Spigot (2.4.1-SNAPSHOT), ViaVersion (5.0.2), floodgate (2.2.3-SNAPSHOT (b109-49bd564))
[22:07:39] [ServerMain/INFO]: Environment: Environment[sessionHost=https://sessionserver.mojang.com, servicesHost=https://api.minecraftservices.com, name=PROD]
[22:07:41] [ServerMain/INFO]: Loaded 1290 recipes
[22:07:41] [ServerMain/INFO]: Loaded 1399 advancements
[22:07:41] [Server thread/INFO]: Starting minecraft server version 1.21
[22:07:41] [Server thread/INFO]: Loading properties
[22:07:41] [Server thread/INFO]: This server is running Paper version 1.21-124-master@df3b654 (2024-08-02T00:02:38Z) (Implementing API version 1.21-R0.1-SNAPSHOT)
[22:07:42] [Server thread/INFO]: [spark] This server bundles the spark profiler. For more information please visit https://docs.papermc.io/paper/profiling
[22:07:42] [Server thread/INFO]: Server Ping Player Sample Count: 12
[22:07:42] [Server thread/INFO]: Using 4 threads for Netty based IO
[22:07:43] [Server thread/INFO]: [ChunkTaskScheduler] Chunk system is using 1 I/O threads, 1 worker threads, and population gen parallelism of 1 threads
[22:07:43] [Server thread/INFO]: Default game type: SURVIVAL
[22:07:43] [Server thread/INFO]: Generating keypair
[22:07:43] [Server thread/INFO]: Starting Minecraft server on *:25565
[22:07:43] [Server thread/INFO]: Using epoll channel type
[22:07:43] [Server thread/INFO]: Paper: Using libdeflate (Linux x86_64) compression from Velocity.
[22:07:43] [Server thread/INFO]: Paper: Using OpenSSL 1.1.x (Linux x86_64) cipher from Velocity.
[22:07:44] [Server thread/INFO]: [floodgate] Loading server plugin floodgate v2.2.3-SNAPSHOT (b109-49bd564)
[22:07:46] [Server thread/WARN]: [floodgate] en_ is not a supported Floodgate language.
[22:07:46] [Server thread/INFO]: [floodgate] Took 1,747ms to boot Floodgate
[22:07:46] [Server thread/INFO]: [ViaVersion] Loading server plugin ViaVersion v5.0.2
[22:07:46] [Server thread/INFO]: [ViaVersion] ViaVersion 5.0.2 is now loaded. Registering protocol transformers and injecting...
[22:07:47] [Via-Mappingloader-0/INFO]: [ViaVersion] Loading block connection mappings ...
[22:07:47] [Via-Mappingloader-0/INFO]: [ViaVersion] Using FastUtil Long2ObjectOpenHashMap for block connections
[22:07:48] [Server thread/INFO]: [Geyser-Spigot] Loading server plugin Geyser-Spigot v2.4.1-SNAPSHOT
[22:07:48] [Server thread/WARN]: [Geyser-Spigot] Missing locale: en_
[22:07:49] [Server thread/INFO]: [Geyser-Spigot] Loading extensions...
[22:07:49] [Server thread/INFO]: [Geyser-Spigot] Loaded 0 extension(s)
[22:07:49] [Server thread/INFO]: Server permissions file permissions.yml is empty, ignoring it
[22:07:49] [Server thread/INFO]: Preparing level "world"
[22:07:50] [Server thread/INFO]: Preparing start region for dimension minecraft:overworld
[22:07:51] [Server thread/INFO]: Time elapsed: 1015 ms
[22:07:51] [Server thread/INFO]: Preparing start region for dimension minecraft:the_nether
[22:07:51] [Server thread/INFO]: Time elapsed: 183 ms
[22:07:51] [Server thread/INFO]: Preparing start region for dimension minecraft:the_end
[22:07:51] [Server thread/INFO]: Time elapsed: 87 ms
[22:07:51] [Server thread/INFO]: [floodgate] Enabling floodgate v2.2.3-SNAPSHOT (b109-49bd564)
[22:07:52] [Server thread/INFO]: [ViaVersion] Enabling ViaVersion v5.0.2
[22:07:52] [Server thread/INFO]: [ViaVersion] ViaVersion detected server version: 1.21 (767)
[22:07:52] [Server thread/WARN]: [ViaVersion] ViaVersion does not have any compatible versions for this server version!
[22:07:52] [Server thread/WARN]: [ViaVersion] Please remember that ViaVersion only adds support for versions newer than the server version.
[22:07:52] [Server thread/WARN]: [ViaVersion] If you need support for older versions you may need to use one or more ViaVersion addons too.
[22:07:52] [Server thread/WARN]: [ViaVersion] In that case please read the ViaVersion resource page carefully or use https://viaversion.com/setup
[22:07:52] [Server thread/WARN]: [ViaVersion] and if you're still unsure, feel free to join our Discord-Server for further assistance.
[22:07:52] [Server thread/INFO]: [Geyser-Spigot] Enabling Geyser-Spigot v2.4.1-SNAPSHOT
[22:07:53] [Server thread/INFO]: [spark] Starting background profiler...
[22:07:53] [Server thread/INFO]: [Geyser-Spigot] ******************************************
[22:07:53] [Server thread/INFO]: [Geyser-Spigot] 
[22:07:53] [Server thread/INFO]: [Geyser-Spigot] Loading Geyser version 2.4.1-b634 (git-master-61ae5de)
[22:07:53] [Server thread/INFO]: [Geyser-Spigot] 
[22:07:53] [Server thread/INFO]: [Geyser-Spigot] ******************************************
[22:08:01] [epollEventLoopGroup-3-1/INFO]: [Geyser-Spigot] Started Geyser on 0.0.0.0:3371
[22:08:01] [Server thread/INFO]: [Geyser-Spigot] Done (7.624s)! Run /geyser help for help!
[22:08:01] [Server thread/INFO]: Done preparing level "world" (11.773s)
[22:08:01] [Server thread/INFO]: Running delayed init tasks
[22:08:01] [Craft Scheduler Thread - 2 - ViaVersion/INFO]: [ViaVersion] Finished mapping loading, shutting down loader executor!
[22:08:01] [Server thread/INFO]: Done (28.433s)! For help, type "help"
[22:08:01] [Server thread/INFO]: Timings Reset
[22:08:56] [epollEventLoopGroup-4-1/INFO]: [Geyser-Spigot] Player connected with username Aqua6789
[22:08:56] [localSession-7-2/INFO]: [Geyser-Spigot] Aqua6789 (logged in as: Aqua6789) has connected to the Java server
[22:08:57] [Server thread/INFO]: [floodgate] Floodgate player logged in as .Aqua6789 joined (UUID: 00000000-0000-0000-0009-01fea29e455b)
[22:08:57] [Server thread/INFO]: .Aqua6789 joined the game
[22:08:57] [Server thread/INFO]: .Aqua6789[/127.172.54.227:0] logged in with entity id 23 at ([world]78.69999, 104.0, -62.93828)
[22:09:04] [Geyser Spigot connection thread-6-3/INFO]: [floodgate] Floodgate player logged in as .Aqua6789 disconnected
[22:09:04] [localSession-7-2/INFO]: [Geyser-Spigot] Aqua6789 has disconnected from the Java server because of Bedrock client disconnected
[22:09:04] [Server thread/INFO]: .Aqua6789 lost connection: Disconnected
[22:09:05] [Server thread/INFO]: .Aqua6789 left the game
[22:09:37] [epollEventLoopGroup-4-2/INFO]: [Geyser-Spigot] Player connected with username Aqua6789
[22:09:37] [localSession-7-3/INFO]: [Geyser-Spigot] Aqua6789 (logged in as: Aqua6789) has connected to the Java server
[22:09:37] [Server thread/INFO]: [floodgate] Floodgate player logged in as .Aqua6789 joined (UUID: 00000000-0000-0000-0009-01fea29e455b)
[22:09:37] [Server thread/INFO]: .Aqua6789 joined the game
[22:09:37] [Server thread/INFO]: .Aqua6789[/127.172.54.227:0] logged in with entity id 250 at ([world]78.69999, 104.0, -62.93828)
[22:10:08] [Server thread/INFO]: .Aqua6789 issued server command: /time set sunrise
[22:10:17] [Server thread/INFO]: .Aqua6789 issued server command: /time set sunrise
[22:10:22] [Server thread/INFO]: .Aqua6789 issued server command: /time set day
[22:10:22] [Server thread/INFO]: [.Aqua6789: Set the time to 1000]
[22:11:56] [localSession-7-3/INFO]: [Geyser-Spigot] Aqua6789 has disconnected from the Java server because of Bedrock client timed out
[22:11:56] [Geyser Spigot connection thread-6-4/INFO]: [floodgate] Floodgate player logged in as .Aqua6789 disconnected
[22:11:56] [Server thread/INFO]: .Aqua6789 lost connection: Disconnected
[22:11:56] [Server thread/INFO]: .Aqua6789 left the game
[22:12:03] [epollEventLoopGroup-4-3/INFO]: [Geyser-Spigot] Player connected with username Aqua6789
[22:12:03] [localSession-7-4/INFO]: [Geyser-Spigot] Aqua6789 (logged in as: Aqua6789) has connected to the Java server
[22:12:03] [Server thread/INFO]: [floodgate] Floodgate player logged in as .Aqua6789 joined (UUID: 00000000-0000-0000-0009-01fea29e455b)
[22:12:03] [Server thread/INFO]: .Aqua6789 joined the game
[22:12:03] [Server thread/INFO]: .Aqua6789[/127.172.54.227:0] logged in with entity id 641 at ([world]81.30002, 83.59747116583738, 18.170464)
[22:12:20] [localSession-7-4/INFO]: [Geyser-Spigot] Aqua6789 has disconnected from the Java server because of Bedrock client timed out
[22:12:20] [Geyser Spigot connection thread-6-1/INFO]: [floodgate] Floodgate player logged in as .Aqua6789 disconnected
[22:12:20] [Server thread/INFO]: .Aqua6789 lost connection: Disconnected
[22:12:20] [Server thread/INFO]: .Aqua6789 left the game
[22:12:27] [epollEventLoopGroup-4-4/INFO]: [Geyser-Spigot] Player connected with username Aqua6789
[22:12:27] [localSession-7-1/INFO]: [Geyser-Spigot] Aqua6789 (logged in as: Aqua6789) has connected to the Java server
[22:12:28] [Server thread/INFO]: [floodgate] Floodgate player logged in as .Aqua6789 joined (UUID: 00000000-0000-0000-0009-01fea29e455b)
[22:12:28] [Server thread/INFO]: .Aqua6789 joined the game
[22:12:28] [Server thread/INFO]: .Aqua6789[/127.172.54.227:0] logged in with entity id 698 at ([world]81.40626, 83.0, 18.742739)
[22:16:12] [Server thread/WARN]: .Aqua6789 moved wrongly!
[22:16:22] [Geyser Spigot connection thread-6-2/INFO]: [floodgate] Floodgate player logged in as .Aqua6789 disconnected
[22:16:22] [localSession-7-1/INFO]: [Geyser-Spigot] Aqua6789 has disconnected from the Java server because of Bedrock client timed out
[22:16:22] [Server thread/INFO]: .Aqua6789 lost connection: Disconnected
[22:16:22] [Server thread/INFO]: .Aqua6789 left the game
[22:16:33] [epollEventLoopGroup-4-1/INFO]: [Geyser-Spigot] Player connected with username Aqua6789
[22:16:33] [localSession-7-2/INFO]: [Geyser-Spigot] Aqua6789 (logged in as: Aqua6789) has connected to the Java server
[22:16:33] [Server thread/INFO]: [floodgate] Floodgate player logged in as .Aqua6789 joined (UUID: 00000000-0000-0000-0009-01fea29e455b)
[22:16:33] [Server thread/INFO]: .Aqua6789 joined the game
[22:16:33] [Server thread/INFO]: .Aqua6789[/127.172.54.227:0] logged in with entity id 1830 at ([world]148.27104, 74.0, -93.45494)
[22:16:53] [Geyser Spigot connection thread-6-3/INFO]: [floodgate] Floodgate player logged in as .Aqua6789 disconnected
[22:16:53] [localSession-7-2/INFO]: [Geyser-Spigot] Aqua6789 has disconnected from the Java server because of Bedrock client timed out
[22:16:53] [Server thread/INFO]: .Aqua6789 lost connection: Disconnected
[22:16:53] [Server thread/INFO]: .Aqua6789 left the game
[22:16:58] [epollEventLoopGroup-4-2/INFO]: [Geyser-Spigot] Player connected with username Aqua6789
[22:16:58] [localSession-7-3/INFO]: [Geyser-Spigot] Aqua6789 (logged in as: Aqua6789) has connected to the Java server
[22:16:59] [Server thread/INFO]: [floodgate] Floodgate player logged in as .Aqua6789 joined (UUID: 00000000-0000-0000-0009-01fea29e455b)
[22:16:59] [Server thread/INFO]: .Aqua6789 joined the game
[22:16:59] [Server thread/INFO]: .Aqua6789[/127.172.54.227:0] logged in with entity id 1962 at ([world]149.30588450006184, 78.36080000519752, -89.00780538329425)
[22:17:27] [Server thread/INFO]: .Aqua6789 issued server command: /gamemode c
[22:17:37] [Server thread/INFO]: .Aqua6789 was slain by Zombie
[22:17:37] [Server thread/INFO]: .Aqua6789 issued server command: /gamemode creative
[22:17:37] [Server thread/INFO]: [.Aqua6789: Set own game mode to Creative Mode]
[22:20:29] [Server thread/INFO]: .Aqua6789 issued server command: /time set day
[22:20:29] [Server thread/INFO]: [.Aqua6789: Set the time to 1000]
[22:20:54] [Geyser Spigot connection thread-6-4/INFO]: [floodgate] Floodgate player logged in as .Aqua6789 disconnected
[22:20:54] [localSession-7-3/INFO]: [Geyser-Spigot] Aqua6789 has disconnected from the Java server because of Bedrock client timed out
[22:20:54] [Server thread/INFO]: .Aqua6789 lost connection: Disconnected
[22:20:54] [Server thread/INFO]: .Aqua6789 left the game
[22:21:09] [Server thread/INFO]: Stopping the server
[22:21:09] [Server thread/INFO]: Stopping server
[22:21:09] [Server thread/INFO]: [Geyser-Spigot] Disabling Geyser-Spigot v2.4.1-SNAPSHOT
[22:21:09] [Server thread/INFO]: [Geyser-Spigot] Shutting down Geyser.
[22:21:09] [Server thread/INFO]: [Geyser-Spigot] Geyser shutdown successfully.
[22:21:09] [Server thread/INFO]: [ViaVersion] Disabling ViaVersion v5.0.2
[22:21:09] [Server thread/INFO]: [ViaVersion] ViaVersion is disabling, if this is a reload and you experience issues consider rebooting.
[22:21:09] [Server thread/INFO]: [floodgate] Disabling floodgate v2.2.3-SNAPSHOT (b109-49bd564)
[22:21:09] [Server thread/INFO]: Saving players
[22:21:09] [Server thread/INFO]: Saving worlds
[22:21:09] [Server thread/INFO]: Saving chunks for level 'ServerLevel[world]'/minecraft:overworld
[22:21:09] [WebSocketConnectReadThread-87/INFO]: [Geyser-Spigot] The skin uploader has been closed
[22:21:09] [Server thread/INFO]: [ChunkHolderManager] Waiting 60s for chunk system to halt for world 'world'
[22:21:09] [Server thread/INFO]: [ChunkHolderManager] Halted chunk system for world 'world'
[22:21:09] [Server thread/INFO]: [ChunkHolderManager] Saving all chunkholders for world 'world'
[22:21:10] [Server thread/INFO]: [ChunkHolderManager] Saved 307 block chunks, 312 entity chunks, 0 poi chunks in world 'world' in 0.68s
[22:21:10] [Server thread/INFO]: Saving chunks for level 'ServerLevel[world_nether]'/minecraft:the_nether
[22:21:10] [Server thread/INFO]: [ChunkHolderManager] Waiting 60s for chunk system to halt for world 'world_nether'
[22:21:10] [Server thread/INFO]: [ChunkHolderManager] Halted chunk system for world 'world_nether'
[22:21:10] [Server thread/INFO]: [ChunkHolderManager] Saving all chunkholders for world 'world_nether'
[22:21:10] [Server thread/INFO]: [ChunkHolderManager] Saved 0 block chunks, 2 entity chunks, 0 poi chunks in world 'world_nether' in 0.03s
[22:21:10] [Server thread/INFO]: Saving chunks for level 'ServerLevel[world_the_end]'/minecraft:the_end
[22:21:10] [Server thread/INFO]: [ChunkHolderManager] Waiting 60s for chunk system to halt for world 'world_the_end'
[22:21:10] [Server thread/INFO]: [ChunkHolderManager] Halted chunk system for world 'world_the_end'
[22:21:10] [Server thread/INFO]: [ChunkHolderManager] Saving all chunkholders for world 'world_the_end'
[22:21:10] [Server thread/INFO]: [ChunkHolderManager] Saved 0 block chunks, 10 entity chunks, 0 poi chunks in world 'world_the_end' in 0.04s
[22:21:10] [Server thread/INFO]: ThreadedAnvilChunkStorage (world): All chunks are saved
[22:21:10] [Server thread/INFO]: ThreadedAnvilChunkStorage (DIM-1): All chunks are saved
[22:21:10] [Server thread/INFO]: ThreadedAnvilChunkStorage (DIM1): All chunks are saved
[22:21:10] [Server thread/INFO]: ThreadedAnvilChunkStorage: All dimensions are saved
